{
  "Cucumber Features": {
    "coverage": {
      "C:/Users/jonas/OneDrive/Documents/GitHub/1d-final-project-summer-2024-sds-2024-team-06/app/models/user.rb": {
        "lines": [
          1,
          1,
          null,
          null,
          1,
          1,
          1,
          1,
          null,
          1,
          1,
          null,
          1,
          null,
          1,
          1,
          1,
          1,
          1,
          1,
          null,
          1,
          1,
          null,
          null,
          1,
          0,
          null,
          null,
          null,
          null
        ]
      },
      "C:/Users/jonas/OneDrive/Documents/GitHub/1d-final-project-summer-2024-sds-2024-team-06/app/models/application_record.rb": {
        "lines": [
          1,
          1,
          null
        ]
      },
      "C:/Users/jonas/OneDrive/Documents/GitHub/1d-final-project-summer-2024-sds-2024-team-06/app/controllers/homepage_controller.rb": {
        "lines": [
          1,
          1,
          null,
          null
        ]
      },
      "C:/Users/jonas/OneDrive/Documents/GitHub/1d-final-project-summer-2024-sds-2024-team-06/app/controllers/application_controller.rb": {
        "lines": [
          1,
          1,
          1,
          null,
          1,
          null,
          1,
          87,
          null,
          null,
          null
        ]
      },
      "C:/Users/jonas/OneDrive/Documents/GitHub/1d-final-project-summer-2024-sds-2024-team-06/app/controllers/users/sessions_controller.rb": {
        "lines": [
          1,
          1,
          1,
          null,
          1,
          1,
          1,
          1,
          null,
          null,
          1,
          null,
          1,
          36,
          11,
          null,
          null,
          null
        ]
      },
      "C:/Users/jonas/OneDrive/Documents/GitHub/1d-final-project-summer-2024-sds-2024-team-06/app/controllers/api/users_controller.rb": {
        "lines": [
          1,
          1,
          1,
          1,
          0,
          0,
          null,
          null,
          1,
          0,
          null,
          null,
          1,
          0,
          0,
          0,
          null,
          0,
          null,
          null,
          null,
          1,
          0,
          0,
          0,
          null,
          null,
          1,
          22,
          22,
          null,
          null,
          null,
          1,
          null,
          1,
          0,
          null,
          null,
          null
        ]
      },
      "C:/Users/jonas/OneDrive/Documents/GitHub/1d-final-project-summer-2024-sds-2024-team-06/app/controllers/api/art_pieces_controller.rb": {
        "lines": [
          1,
          1,
          1,
          null,
          1,
          0,
          null,
          0,
          null,
          null,
          null,
          1,
          3,
          3,
          null,
          null,
          1,
          null,
          1,
          3,
          null,
          0,
          null,
          null,
          null
        ]
      },
      "C:/Users/jonas/OneDrive/Documents/GitHub/1d-final-project-summer-2024-sds-2024-team-06/app/models/art_piece.rb": {
        "lines": [
          1,
          null,
          null,
          null
        ]
      },
      "C:/Users/jonas/OneDrive/Documents/GitHub/1d-final-project-summer-2024-sds-2024-team-06/app/controllers/api/flowers_controller.rb": {
        "lines": [
          1,
          1,
          1,
          1,
          1,
          1,
          null,
          1,
          3,
          3,
          null,
          null,
          1,
          0,
          null,
          null,
          1,
          0,
          null,
          0,
          0,
          null,
          0,
          null,
          null,
          0,
          null,
          null,
          1,
          null,
          1,
          0,
          0,
          null,
          null,
          1,
          0,
          null,
          null,
          1,
          0,
          null,
          null,
          null
        ]
      },
      "C:/Users/jonas/OneDrive/Documents/GitHub/1d-final-project-summer-2024-sds-2024-team-06/app/models/flower.rb": {
        "lines": [
          1,
          1,
          1,
          1,
          null,
          1,
          null,
          1,
          null,
          1,
          0,
          null,
          null
        ]
      },
      "C:/Users/jonas/OneDrive/Documents/GitHub/1d-final-project-summer-2024-sds-2024-team-06/app/controllers/api/goal_journals_controller.rb": {
        "lines": [
          0,
          0,
          null,
          0,
          0,
          0,
          0,
          null,
          0,
          0,
          0,
          0,
          null,
          0,
          0,
          0,
          null,
          0,
          0,
          null,
          0,
          0,
          0,
          0,
          0,
          0,
          null,
          0,
          null,
          0,
          0,
          0,
          0,
          0,
          null,
          0,
          0,
          0,
          null,
          0,
          0,
          0,
          0,
          0
        ],
        "branches": {
        }
      },
      "C:/Users/jonas/OneDrive/Documents/GitHub/1d-final-project-summer-2024-sds-2024-team-06/app/controllers/api/journals_controller.rb": {
        "lines": [
          0,
          0,
          null,
          0,
          0,
          0,
          0,
          null,
          0,
          0,
          0,
          0,
          null,
          0,
          0,
          0,
          null,
          0,
          0,
          null,
          0,
          0,
          0,
          0,
          0,
          0,
          0,
          null,
          0,
          null,
          0,
          0,
          0,
          0,
          0,
          null,
          0,
          0,
          0,
          null,
          0,
          0,
          0,
          0,
          0
        ],
        "branches": {
        }
      },
      "C:/Users/jonas/OneDrive/Documents/GitHub/1d-final-project-summer-2024-sds-2024-team-06/app/controllers/api/moods_controller.rb": {
        "lines": [
          0,
          0,
          0,
          0,
          0,
          null,
          0,
          null,
          0,
          0,
          0,
          0,
          null,
          0,
          0,
          0,
          null,
          0,
          0,
          null,
          0,
          0,
          0,
          0,
          0,
          0,
          0,
          null,
          null,
          0,
          0,
          0,
          0,
          0,
          0,
          0,
          null,
          null,
          0,
          0,
          0,
          0,
          null,
          0,
          0,
          0,
          0,
          0,
          0,
          0,
          0,
          null,
          0,
          0,
          0,
          0,
          0,
          null,
          0,
          0,
          0,
          null,
          0,
          0,
          0,
          0,
          null,
          0,
          0,
          0,
          0,
          0
        ],
        "branches": {
        }
      },
      "C:/Users/jonas/OneDrive/Documents/GitHub/1d-final-project-summer-2024-sds-2024-team-06/app/controllers/users/registrations_controller.rb": {
        "lines": [
          0,
          null,
          null,
          0,
          0,
          0,
          0,
          null,
          0,
          0,
          0,
          null,
          0,
          null,
          null,
          null,
          null,
          null,
          null,
          null,
          0,
          0,
          0,
          0,
          0,
          null,
          0,
          0,
          0,
          0,
          0,
          0,
          0,
          0,
          0,
          0,
          0,
          0,
          0,
          0,
          0,
          0,
          0
        ],
        "branches": {
        }
      },
      "C:/Users/jonas/OneDrive/Documents/GitHub/1d-final-project-summer-2024-sds-2024-team-06/app/models/goal_journal.rb": {
        "lines": [
          0,
          0,
          null,
          0,
          0,
          0,
          0,
          null,
          0,
          null,
          0,
          null,
          0,
          0,
          0,
          0
        ],
        "branches": {
        }
      },
      "C:/Users/jonas/OneDrive/Documents/GitHub/1d-final-project-summer-2024-sds-2024-team-06/app/models/journal.rb": {
        "lines": [
          0,
          0,
          null,
          0,
          0,
          0,
          0,
          null,
          0,
          null,
          0,
          null,
          0,
          0,
          0,
          0
        ],
        "branches": {
        }
      },
      "C:/Users/jonas/OneDrive/Documents/GitHub/1d-final-project-summer-2024-sds-2024-team-06/app/models/mood.rb": {
        "lines": [
          0,
          0,
          0,
          0,
          0,
          0,
          0,
          0,
          null,
          null,
          0,
          0,
          0,
          0,
          0,
          0,
          null,
          0,
          null,
          0,
          0,
          0,
          null,
          0,
          null,
          0,
          0,
          0,
          0,
          0,
          null,
          0
        ],
        "branches": {
        }
      }
    },
    "timestamp": 1721472759
  },
  "RSpec": {
    "coverage": {
      "C:/Users/jonas/OneDrive/Documents/GitHub/1d-final-project-summer-2024-sds-2024-team-06/app/models/user.rb": {
        "lines": [
          1,
          1,
          null,
          null,
          1,
          1,
          1,
          1,
          null,
          1,
          1,
          null,
          1,
          null,
          1,
          7,
          7,
          3,
          3,
          3,
          null,
          7,
          7,
          null,
          null,
          1,
          2,
          null,
          null,
          null,
          null
        ]
      },
      "C:/Users/jonas/OneDrive/Documents/GitHub/1d-final-project-summer-2024-sds-2024-team-06/app/models/application_record.rb": {
        "lines": [
          1,
          1,
          null
        ]
      },
      "C:/Users/jonas/OneDrive/Documents/GitHub/1d-final-project-summer-2024-sds-2024-team-06/app/controllers/api/art_pieces_controller.rb": {
        "lines": [
          1,
          1,
          1,
          null,
          1,
          3,
          null,
          3,
          null,
          null,
          null,
          1,
          3,
          3,
          null,
          null,
          1,
          null,
          1,
          4,
          null,
          1,
          null,
          null,
          null
        ]
      },
      "C:/Users/jonas/OneDrive/Documents/GitHub/1d-final-project-summer-2024-sds-2024-team-06/app/controllers/application_controller.rb": {
        "lines": [
          1,
          1,
          1,
          null,
          1,
          null,
          1,
          70,
          null,
          null,
          null
        ]
      },
      "C:/Users/jonas/OneDrive/Documents/GitHub/1d-final-project-summer-2024-sds-2024-team-06/app/controllers/api/flowers_controller.rb": {
        "lines": [
          1,
          1,
          1,
          1,
          1,
          1,
          null,
          1,
          3,
          3,
          null,
          null,
          1,
          5,
          null,
          null,
          1,
          4,
          null,
          4,
          3,
          null,
          1,
          null,
          null,
          4,
          null,
          null,
          1,
          null,
          1,
          6,
          6,
          null,
          null,
          1,
          5,
          null,
          null,
          1,
          4,
          null,
          null,
          null
        ]
      },
      "C:/Users/jonas/OneDrive/Documents/GitHub/1d-final-project-summer-2024-sds-2024-team-06/app/controllers/api/goal_journals_controller.rb": {
        "lines": [
          1,
          1,
          null,
          1,
          1,
          1,
          1,
          null,
          1,
          3,
          3,
          null,
          null,
          1,
          5,
          null,
          null,
          1,
          4,
          null,
          4,
          3,
          null,
          1,
          null,
          null,
          null,
          1,
          null,
          1,
          6,
          null,
          1,
          null,
          null,
          1,
          5,
          null,
          null,
          1,
          4,
          null,
          null,
          null
        ]
      },
      "C:/Users/jonas/OneDrive/Documents/GitHub/1d-final-project-summer-2024-sds-2024-team-06/app/controllers/api/journals_controller.rb": {
        "lines": [
          1,
          1,
          null,
          1,
          1,
          1,
          1,
          null,
          1,
          3,
          3,
          null,
          null,
          1,
          5,
          null,
          null,
          1,
          4,
          null,
          4,
          3,
          null,
          1,
          null,
          4,
          null,
          null,
          1,
          null,
          1,
          6,
          null,
          1,
          null,
          null,
          1,
          5,
          null,
          null,
          1,
          4,
          null,
          null,
          null
        ]
      },
      "C:/Users/jonas/OneDrive/Documents/GitHub/1d-final-project-summer-2024-sds-2024-team-06/app/controllers/api/moods_controller.rb": {
        "lines": [
          1,
          1,
          1,
          1,
          1,
          null,
          1,
          null,
          1,
          3,
          3,
          null,
          null,
          1,
          3,
          null,
          null,
          1,
          4,
          null,
          4,
          2,
          null,
          2,
          null,
          4,
          null,
          null,
          null,
          1,
          2,
          1,
          null,
          1,
          null,
          null,
          null,
          null,
          1,
          1,
          1,
          null,
          null,
          1,
          null,
          null,
          null,
          null,
          null,
          1,
          3,
          null,
          null,
          1,
          7,
          7,
          null,
          null,
          1,
          6,
          null,
          null,
          null
        ]
      },
      "C:/Users/jonas/OneDrive/Documents/GitHub/1d-final-project-summer-2024-sds-2024-team-06/app/controllers/users/registrations_controller.rb": {
        "lines": [
          1,
          null,
          null,
          1,
          3,
          3,
          2,
          null,
          null,
          null,
          null,
          null,
          1,
          null,
          null,
          null,
          null,
          null,
          null,
          null,
          1,
          2,
          24,
          null,
          null,
          null,
          1,
          null,
          2,
          null,
          null,
          null,
          null,
          null,
          null,
          null,
          null,
          null,
          null,
          null,
          null,
          null,
          null
        ]
      },
      "C:/Users/jonas/OneDrive/Documents/GitHub/1d-final-project-summer-2024-sds-2024-team-06/app/controllers/api/users_controller.rb": {
        "lines": [
          1,
          1,
          1,
          1,
          1,
          1,
          null,
          null,
          1,
          1,
          null,
          null,
          1,
          3,
          3,
          2,
          null,
          1,
          null,
          null,
          null,
          1,
          1,
          1,
          1,
          null,
          null,
          1,
          1,
          1,
          null,
          null,
          null,
          1,
          null,
          1,
          3,
          null,
          null,
          null
        ]
      },
      "C:/Users/jonas/OneDrive/Documents/GitHub/1d-final-project-summer-2024-sds-2024-team-06/app/models/flower.rb": {
        "lines": [
          1,
          1,
          1,
          1,
          null,
          1,
          null,
          1,
          null,
          1,
          27,
          null,
          null
        ]
      },
      "C:/Users/jonas/OneDrive/Documents/GitHub/1d-final-project-summer-2024-sds-2024-team-06/app/models/goal_journal.rb": {
        "lines": [
          1,
          1,
          null,
          1,
          1,
          1,
          1,
          null,
          1,
          null,
          1,
          null,
          1,
          18,
          null,
          null
        ]
      },
      "C:/Users/jonas/OneDrive/Documents/GitHub/1d-final-project-summer-2024-sds-2024-team-06/app/models/journal.rb": {
        "lines": [
          1,
          1,
          null,
          1,
          1,
          1,
          1,
          null,
          1,
          null,
          1,
          null,
          1,
          18,
          null,
          null
        ]
      },
      "C:/Users/jonas/OneDrive/Documents/GitHub/1d-final-project-summer-2024-sds-2024-team-06/app/models/mood.rb": {
        "lines": [
          1,
          1,
          1,
          1,
          1,
          1,
          1,
          1,
          null,
          null,
          1,
          3,
          1,
          1,
          null,
          null,
          null,
          1,
          null,
          1,
          1,
          null,
          null,
          1,
          null,
          1,
          89,
          1,
          null,
          null,
          null,
          null
        ]
      },
      "C:/Users/jonas/OneDrive/Documents/GitHub/1d-final-project-summer-2024-sds-2024-team-06/app/models/art_piece.rb": {
        "lines": [
          1,
          null,
          null,
          null
        ]
      },
      "C:/Users/jonas/OneDrive/Documents/GitHub/1d-final-project-summer-2024-sds-2024-team-06/app/controllers/homepage_controller.rb": {
        "lines": [
          0,
          0,
          0,
          0
        ],
        "branches": {
        }
      },
      "C:/Users/jonas/OneDrive/Documents/GitHub/1d-final-project-summer-2024-sds-2024-team-06/app/controllers/users/sessions_controller.rb": {
        "lines": [
          0,
          0,
          0,
          null,
          0,
          0,
          0,
          0,
          0,
          null,
          0,
          null,
          0,
          0,
          0,
          0,
          0,
          0
        ],
        "branches": {
        }
      }
    },
    "timestamp": 1721472839
  }
}
