{
  "Cucumber Features": {
    "coverage": {
      "C:/Users/kiany/Desktop/term6/SDS/testingsuite/1d-final-project-summer-2024-sds-2024-team-06/app/models/user.rb": {
        "lines": [
          1,
          1,
          null,
          null,
          1,
          1,
          1,
          null,
          1,
          1,
          null,
          1,
          null,
          1,
          1,
          null,
          1,
          0,
          0,
          0,
          null,
          1,
          1,
          null,
          null,
          1,
          0,
          null,
          null,
          null,
          null
        ]
      },
      "C:/Users/kiany/Desktop/term6/SDS/testingsuite/1d-final-project-summer-2024-sds-2024-team-06/app/models/application_record.rb": {
        "lines": [
          1,
          1,
          null
        ]
      },
      "C:/Users/kiany/Desktop/term6/SDS/testingsuite/1d-final-project-summer-2024-sds-2024-team-06/app/controllers/homepage_controller.rb": {
        "lines": [
          1,
          1,
          null,
          null
        ]
      },
      "C:/Users/kiany/Desktop/term6/SDS/testingsuite/1d-final-project-summer-2024-sds-2024-team-06/app/controllers/application_controller.rb": {
        "lines": [
          1,
          1,
          1,
          null,
          1,
          null,
          1,
          85,
          null,
          null,
          null
        ]
      },
      "C:/Users/kiany/Desktop/term6/SDS/testingsuite/1d-final-project-summer-2024-sds-2024-team-06/app/controllers/users/sessions_controller.rb": {
        "lines": [
          1,
          1,
          1,
          null,
          1,
          1,
          1,
          1,
          null,
          null,
          1,
          null,
          1,
          36,
          11,
          null,
          null,
          null
        ]
      },
      "C:/Users/kiany/Desktop/term6/SDS/testingsuite/1d-final-project-summer-2024-sds-2024-team-06/app/controllers/api/users_controller.rb": {
        "lines": [
          1,
          1,
          1,
          1,
          0,
          0,
          null,
          null,
          1,
          0,
          null,
          null,
          1,
          0,
          0,
          0,
          null,
          0,
          null,
          null,
          null,
          1,
          0,
          0,
          0,
          null,
          null,
          1,
          22,
          22,
          null,
          null,
          null,
          1,
          null,
          1,
          0,
          null,
          null,
          null
        ]
      },
      "C:/Users/kiany/Desktop/term6/SDS/testingsuite/1d-final-project-summer-2024-sds-2024-team-06/app/controllers/api/art_pieces_controller.rb": {
        "lines": [
          1,
          1,
          1,
          null,
          1,
          0,
          null,
          0,
          null,
          null,
          null,
          1,
          3,
          3,
          null,
          null,
          1,
          null,
          1,
          3,
          null,
          0,
          null,
          null,
          null
        ]
      },
      "C:/Users/kiany/Desktop/term6/SDS/testingsuite/1d-final-project-summer-2024-sds-2024-team-06/app/models/art_piece.rb": {
        "lines": [
          1,
          null,
          null,
          null
        ]
      },
      "C:/Users/kiany/Desktop/term6/SDS/testingsuite/1d-final-project-summer-2024-sds-2024-team-06/app/controllers/api/flowers_controller.rb": {
        "lines": [
          1,
          1,
          1,
          1,
          1,
          1,
          null,
          1,
          1,
          1,
          null,
          null,
          1,
          null,
          0,
          null,
          null,
          1,
          0,
          null,
          0,
          0,
          null,
          0,
          null,
          null,
          0,
          null,
          null,
          1,
          null,
          1,
          0,
          0,
          null,
          null,
          1,
          0,
          null,
          null,
          1,
          0,
          null,
          null,
          null
        ]
      },
      "C:/Users/kiany/Desktop/term6/SDS/testingsuite/1d-final-project-summer-2024-sds-2024-team-06/app/models/flower.rb": {
        "lines": [
          1,
          1,
          1,
          1,
          1,
          null,
          1,
          null,
          null,
          null,
          null,
          null,
          1,
          null,
          1,
          0,
          null,
          null
        ]
      },
      "C:/Users/kiany/Desktop/term6/SDS/testingsuite/1d-final-project-summer-2024-sds-2024-team-06/app/controllers/api/journals_controller.rb": {
        "lines": [
          0,
          0,
          null,
          0,
          0,
          0,
          0,
          null,
          0,
          0,
          0,
          0,
          null,
          0,
          0,
          0,
          null,
          0,
          0,
          null,
          0,
          0,
          0,
          0,
          0,
          0,
          0,
          null,
          0,
          null,
          0,
          0,
          0,
          0,
          0,
          null,
          0,
          0,
          0,
          null,
          0,
          0,
          0,
          0,
          0
        ],
        "branches": {
        }
      },
      "C:/Users/kiany/Desktop/term6/SDS/testingsuite/1d-final-project-summer-2024-sds-2024-team-06/app/controllers/api/moods_controller.rb": {
        "lines": [
          0,
          0,
          0,
          0,
          0,
          0,
          0,
          null,
          0,
          0,
          0,
          0,
          null,
          0,
          0,
          0,
          null,
          0,
          0,
          null,
          0,
          0,
          0,
          0,
          0,
          0,
          0,
          null,
          null,
          0,
          0,
          0,
          0,
          0,
          0,
          0,
          null,
          null,
          0,
          0,
          0,
          0,
          null,
          0,
          0,
          0,
          0,
          0,
          0,
          0,
          0,
          null,
          0,
          0,
          0,
          0,
          0,
          null,
          0,
          0,
          0,
          null,
          0,
          0,
          0,
          0,
          null,
          0,
          0,
          0,
          0,
          0
        ],
        "branches": {
        }
      },
      "C:/Users/kiany/Desktop/term6/SDS/testingsuite/1d-final-project-summer-2024-sds-2024-team-06/app/controllers/users/registrations_controller.rb": {
        "lines": [
          0,
          null,
          null,
          0,
          0,
          0,
          0,
          null,
          0,
          0,
          0,
          null,
          0,
          null,
          null,
          null,
          null,
          null,
          null,
          null,
          0,
          0,
          0,
          0,
          0,
          null,
          0,
          0,
          0,
          0,
          0,
          0,
          0,
          0,
          0,
          0,
          0,
          0,
          0,
          0,
          0,
          0,
          0
        ],
        "branches": {
        }
      },
      "C:/Users/kiany/Desktop/term6/SDS/testingsuite/1d-final-project-summer-2024-sds-2024-team-06/app/models/journal.rb": {
        "lines": [
          0,
          0,
          0,
          0
        ],
        "branches": {
        }
      },
      "C:/Users/kiany/Desktop/term6/SDS/testingsuite/1d-final-project-summer-2024-sds-2024-team-06/app/models/mood.rb": {
        "lines": [
          0,
          0,
          0,
          0,
          0,
          0,
          0,
          0,
          null,
          null,
          0,
          0,
          0,
          0,
          0,
          0,
          null,
          0,
          null,
          0,
          0,
          0,
          null,
          0,
          null,
          0,
          0,
          0,
          0,
          0,
          null,
          0
        ],
        "branches": {
        }
      }
    },
    "timestamp": 1721284866
  },
  "RSpec": {
    "coverage": {
      "C:/Users/kiany/Desktop/term6/SDS/testingsuite/1d-final-project-summer-2024-sds-2024-team-06/app/models/user.rb": {
        "lines": [
          1,
          1,
          null,
          null,
          1,
          1,
          1,
          null,
          1,
          1,
          null,
          1,
          null,
          1,
          12,
          null,
          12,
          3,
          3,
          3,
          null,
          12,
          12,
          null,
          null,
          1,
          2,
          null,
          null,
          null,
          null
        ]
      },
      "C:/Users/kiany/Desktop/term6/SDS/testingsuite/1d-final-project-summer-2024-sds-2024-team-06/app/models/application_record.rb": {
        "lines": [
          1,
          1,
          null
        ]
      },
      "C:/Users/kiany/Desktop/term6/SDS/testingsuite/1d-final-project-summer-2024-sds-2024-team-06/app/controllers/api/art_pieces_controller.rb": {
        "lines": [
          1,
          1,
          1,
          null,
          1,
          2,
          null,
          2,
          null,
          null,
          null,
          1,
          2,
          2,
          null,
          null,
          1,
          null,
          1,
          3,
          null,
          1,
          null,
          null,
          null
        ]
      },
      "C:/Users/kiany/Desktop/term6/SDS/testingsuite/1d-final-project-summer-2024-sds-2024-team-06/app/controllers/application_controller.rb": {
        "lines": [
          1,
          1,
          1,
          null,
          1,
          null,
          1,
          39,
          null,
          null,
          null
        ]
      },
      "C:/Users/kiany/Desktop/term6/SDS/testingsuite/1d-final-project-summer-2024-sds-2024-team-06/app/controllers/api/flowers_controller.rb": {
        "lines": [
          1,
          1,
          1,
          1,
          1,
          1,
          null,
          1,
          2,
          2,
          null,
          null,
          1,
          null,
          1,
          null,
          null,
          1,
          2,
          null,
          2,
          1,
          null,
          1,
          null,
          null,
          2,
          null,
          null,
          1,
          null,
          1,
          3,
          3,
          null,
          null,
          1,
          2,
          null,
          null,
          1,
          2,
          null,
          null,
          null
        ]
      },
      "C:/Users/kiany/Desktop/term6/SDS/testingsuite/1d-final-project-summer-2024-sds-2024-team-06/app/controllers/api/journals_controller.rb": {
        "lines": [
          1,
          1,
          null,
          1,
          1,
          1,
          1,
          null,
          1,
          2,
          2,
          null,
          null,
          1,
          2,
          null,
          null,
          1,
          2,
          null,
          2,
          1,
          null,
          1,
          null,
          2,
          null,
          null,
          1,
          null,
          1,
          3,
          null,
          1,
          null,
          null,
          1,
          2,
          null,
          null,
          1,
          2,
          null,
          null,
          null
        ]
      },
      "C:/Users/kiany/Desktop/term6/SDS/testingsuite/1d-final-project-summer-2024-sds-2024-team-06/app/controllers/api/moods_controller.rb": {
        "lines": [
          1,
          1,
          1,
          1,
          1,
          1,
          1,
          null,
          1,
          1,
          1,
          null,
          null,
          1,
          1,
          null,
          null,
          1,
          2,
          null,
          2,
          1,
          null,
          1,
          null,
          2,
          null,
          null,
          null,
          1,
          2,
          1,
          null,
          1,
          null,
          null,
          null,
          null,
          1,
          1,
          1,
          null,
          null,
          1,
          2,
          2,
          1,
          null,
          1,
          null,
          null,
          null,
          1,
          1,
          3,
          3,
          null,
          null,
          1,
          1,
          null,
          null,
          1,
          2,
          2,
          null,
          null,
          1,
          4,
          null,
          null,
          null
        ]
      },
      "C:/Users/kiany/Desktop/term6/SDS/testingsuite/1d-final-project-summer-2024-sds-2024-team-06/app/controllers/users/registrations_controller.rb": {
        "lines": [
          1,
          null,
          null,
          1,
          3,
          3,
          2,
          null,
          null,
          null,
          null,
          null,
          1,
          null,
          null,
          null,
          null,
          null,
          null,
          null,
          1,
          2,
          24,
          null,
          null,
          null,
          1,
          null,
          2,
          null,
          null,
          null,
          null,
          null,
          null,
          null,
          null,
          null,
          null,
          null,
          null,
          null,
          null
        ]
      },
      "C:/Users/kiany/Desktop/term6/SDS/testingsuite/1d-final-project-summer-2024-sds-2024-team-06/app/controllers/api/users_controller.rb": {
        "lines": [
          1,
          1,
          1,
          1,
          1,
          1,
          null,
          null,
          1,
          1,
          null,
          null,
          1,
          3,
          3,
          2,
          null,
          1,
          null,
          null,
          null,
          1,
          1,
          1,
          1,
          null,
          null,
          1,
          1,
          1,
          null,
          null,
          null,
          1,
          null,
          1,
          3,
          null,
          null,
          null
        ]
      },
      "C:/Users/kiany/Desktop/term6/SDS/testingsuite/1d-final-project-summer-2024-sds-2024-team-06/app/models/flower.rb": {
        "lines": [
          1,
          1,
          1,
          1,
          1,
          null,
          1,
          null,
          null,
          null,
          null,
          null,
          1,
          null,
          1,
          17,
          null,
          null
        ]
      },
      "C:/Users/kiany/Desktop/term6/SDS/testingsuite/1d-final-project-summer-2024-sds-2024-team-06/app/models/mood.rb": {
        "lines": [
          1,
          1,
          1,
          1,
          1,
          1,
          1,
          1,
          null,
          null,
          1,
          2,
          1,
          1,
          null,
          null,
          null,
          1,
          null,
          1,
          1,
          null,
          null,
          1,
          null,
          1,
          82,
          1,
          null,
          null,
          null,
          null
        ]
      },
      "C:/Users/kiany/Desktop/term6/SDS/testingsuite/1d-final-project-summer-2024-sds-2024-team-06/app/models/art_piece.rb": {
        "lines": [
          1,
          null,
          null,
          null
        ]
      },
      "C:/Users/kiany/Desktop/term6/SDS/testingsuite/1d-final-project-summer-2024-sds-2024-team-06/app/models/journal.rb": {
        "lines": [
          1,
          1,
          1,
          null
        ]
      },
      "C:/Users/kiany/Desktop/term6/SDS/testingsuite/1d-final-project-summer-2024-sds-2024-team-06/app/controllers/homepage_controller.rb": {
        "lines": [
          0,
          0,
          0,
          0
        ],
        "branches": {
        }
      },
      "C:/Users/kiany/Desktop/term6/SDS/testingsuite/1d-final-project-summer-2024-sds-2024-team-06/app/controllers/users/sessions_controller.rb": {
        "lines": [
          0,
          0,
          0,
          null,
          0,
          0,
          0,
          0,
          0,
          null,
          0,
          null,
          0,
          0,
          0,
          0,
          0,
          0
        ],
        "branches": {
        }
      }
    },
    "timestamp": 1721115612
  }
}
