SF:./app/channels/application_cable/channel.rb
DA:1,0
DA:2,0
DA:3,0
DA:4,0
end_of_record
SF:./app/channels/application_cable/connection.rb
DA:1,0
DA:2,0
DA:3,0
DA:4,0
end_of_record
SF:./app/controllers/api/art_pieces_controller.rb
DA:1,0
DA:2,0
DA:4,0
DA:5,0
DA:7,0
DA:8,0
DA:11,0
DA:12,0
DA:13,0
DA:14,0
DA:17,0
DA:18,0
end_of_record
SF:./app/controllers/application_controller.rb
DA:1,0
DA:2,0
end_of_record
SF:./app/controllers/homepage_controller.rb
DA:1,0
DA:2,0
DA:3,0
DA:4,0
end_of_record
SF:./app/helpers/application_helper.rb
DA:1,0
DA:2,0
end_of_record
SF:./app/helpers/art_pieces_helper.rb
DA:1,0
DA:2,0
end_of_record
SF:./app/helpers/homepage_helper.rb
DA:1,0
DA:2,0
end_of_record
SF:./app/jobs/application_job.rb
DA:1,0
DA:7,0
end_of_record
SF:./app/mailers/application_mailer.rb
DA:1,0
DA:2,0
DA:3,0
DA:4,0
end_of_record
SF:./app/models/application_record.rb
DA:1,0
DA:2,0
DA:3,0
end_of_record
SF:./app/models/art_piece.rb
DA:1,0
DA:2,0
DA:4,0
end_of_record
